d:\share_folder\tema1\tema1\x64\debug\vc142.pdb
d:\share_folder\tema1\tema1\x64\debug\vc142.idb
d:\share_folder\tema1\tema1\x64\debug\main.obj
d:\share_folder\tema1\tema1\x64\debug\includes.obj
d:\share_folder\tema1\tema1\x64\debug\hashmap.obj
d:\share_folder\tema1\tema1\x64\debug\defines.obj
d:\share_folder\tema1\tema1\x64\debug\configtext.obj
d:\share_folder\tema1\tema1\x64\debug\conditions.obj
d:\share_folder\tema1\x64\debug\tema1.exe
d:\share_folder\tema1\tema1\x64\debug\tema1.ilk
d:\share_folder\tema1\x64\debug\tema1.pdb
f:\andrei\laptop septembrie 2020\cursuri atm\licenta_materii\anul_3\pso\tema1preprocesor\tema1\tema1\x64\debug\conditions.obj
f:\andrei\laptop septembrie 2020\cursuri atm\licenta_materii\anul_3\pso\tema1preprocesor\tema1\tema1\x64\debug\configtext.obj
f:\andrei\laptop septembrie 2020\cursuri atm\licenta_materii\anul_3\pso\tema1preprocesor\tema1\tema1\x64\debug\defines.obj
f:\andrei\laptop septembrie 2020\cursuri atm\licenta_materii\anul_3\pso\tema1preprocesor\tema1\tema1\x64\debug\hashmap.obj
f:\andrei\laptop septembrie 2020\cursuri atm\licenta_materii\anul_3\pso\tema1preprocesor\tema1\tema1\x64\debug\includes.obj
f:\andrei\laptop septembrie 2020\cursuri atm\licenta_materii\anul_3\pso\tema1preprocesor\tema1\tema1\x64\debug\main.obj
f:\andrei\laptop septembrie 2020\cursuri atm\licenta_materii\anul_3\pso\tema1preprocesor\tema1\tema1\x64\debug\hashmap.obj.enc
f:\andrei\laptop septembrie 2020\cursuri atm\licenta_materii\anul_3\pso\tema1preprocesor\tema1\tema1\x64\debug\main.obj.enc
f:\andrei\laptop septembrie 2020\cursuri atm\licenta_materii\anul_3\pso\tema1preprocesor\tema1\tema1\x64\debug\tema1.ilk
f:\andrei\laptop septembrie 2020\cursuri atm\licenta_materii\anul_3\pso\tema1preprocesor\tema1\tema1\x64\debug\vc142.idb
f:\andrei\laptop septembrie 2020\cursuri atm\licenta_materii\anul_3\pso\tema1preprocesor\tema1\tema1\x64\debug\vc142.pdb
f:\andrei\laptop septembrie 2020\cursuri atm\licenta_materii\anul_3\pso\tema1preprocesor\tema1\x64\debug\tema1.pdb
f:\andrei\laptop septembrie 2020\cursuri atm\licenta_materii\anul_3\pso\tema1preprocesor\tema1\x64\debug\tema1.exe
f:\andrei\laptop septembrie 2020\cursuri atm\licenta_materii\anul_3\pso\tema1preprocesor\tema1\tema1\x64\debug\tema1.tlog\cl.command.1.tlog
f:\andrei\laptop septembrie 2020\cursuri atm\licenta_materii\anul_3\pso\tema1preprocesor\tema1\tema1\x64\debug\tema1.tlog\cl.read.1.tlog
f:\andrei\laptop septembrie 2020\cursuri atm\licenta_materii\anul_3\pso\tema1preprocesor\tema1\tema1\x64\debug\tema1.tlog\cl.write.1.tlog
f:\andrei\laptop septembrie 2020\cursuri atm\licenta_materii\anul_3\pso\tema1preprocesor\tema1\tema1\x64\debug\tema1.tlog\link.command.1.tlog
f:\andrei\laptop septembrie 2020\cursuri atm\licenta_materii\anul_3\pso\tema1preprocesor\tema1\tema1\x64\debug\tema1.tlog\link.read.1.tlog
f:\andrei\laptop septembrie 2020\cursuri atm\licenta_materii\anul_3\pso\tema1preprocesor\tema1\tema1\x64\debug\tema1.tlog\link.write.1.tlog
